[2021-02-19T10:54:51.841] [DEBUG] cheese - 🚀 starting http://localhost:4400
[2021-02-19T10:55:03.044] [WARN] cheese - {"request":{"method":"POST","url":"/api/error","header":{"host":"localhost:4400","connection":"keep-alive","content-length":"14","pragma":"no-cache","cache-control":"no-cache","user-agent":"Mozilla/5.0 (Macintosh; Intel Mac OS X 11_2_1) AppleWebKit/537.36 (KHTML, like Gecko) Chrome/88.0.4324.150 Safari/537.36","content-type":"application/json","accept":"*/*","origin":"http://localhost:4400","sec-fetch-site":"same-origin","sec-fetch-mode":"cors","sec-fetch-dest":"empty","referer":"http://localhost:4400/","accept-encoding":"gzip, deflate, br","accept-language":"zh-CN,zh;q=0.9","cookie":"_ga=GA1.1.394064327.1611583161; UM_distinctid=1777b0a6fb3723-0f8c8a96e7a065-6915227c-13c680-1777b0a6fb4828; CNZZDATA1276033982=1598712795-1612673534-%7C1612686003"}},"response":{"status":404,"message":"Not Found","header":{"accept-ranges":"bytes","access-control-allow-origin":"*","access-control-allow-credentials":"true","access-control-allow-headers":"*","access-control-allow-methods":"*"}},"app":{"subdomainOffset":2,"proxy":false,"env":"development"},"originalUrl":"/api/error","req":"<original node req>","res":"<original node res>","socket":"<original node socket>"}
[2021-02-19T10:55:03.045] [WARN] cheese - {"request":{"method":"POST","url":"/api/error","header":{"host":"localhost:4400","connection":"keep-alive","content-length":"14","pragma":"no-cache","cache-control":"no-cache","user-agent":"Mozilla/5.0 (Macintosh; Intel Mac OS X 11_2_1) AppleWebKit/537.36 (KHTML, like Gecko) Chrome/88.0.4324.150 Safari/537.36","content-type":"text/plain;charset=UTF-8","accept":"*/*","origin":"http://localhost:4400","sec-fetch-site":"same-origin","sec-fetch-mode":"no-cors","sec-fetch-dest":"empty","referer":"http://localhost:4400/","accept-encoding":"gzip, deflate, br","accept-language":"zh-CN,zh;q=0.9","cookie":"_ga=GA1.1.394064327.1611583161; UM_distinctid=1777b0a6fb3723-0f8c8a96e7a065-6915227c-13c680-1777b0a6fb4828; CNZZDATA1276033982=1598712795-1612673534-%7C1612686003"}},"response":{"status":404,"message":"Not Found","header":{"accept-ranges":"bytes","access-control-allow-origin":"*","access-control-allow-credentials":"true","access-control-allow-headers":"*","access-control-allow-methods":"*"}},"app":{"subdomainOffset":2,"proxy":false,"env":"development"},"originalUrl":"/api/error","req":"<original node req>","res":"<original node res>","socket":"<original node socket>"}
[2021-02-19T10:55:46.599] [DEBUG] cheese - 🚀 starting http://localhost:4400
[2021-02-19T10:55:52.619] [WARN] cheese - {"data":"xxx"}
[2021-02-19T10:55:52.620] [WARN] cheese - {}
[2021-02-19T10:56:11.410] [DEBUG] cheese - 🚀 starting http://localhost:4400
[2021-02-19T10:56:16.402] [WARN] cheese - {"method":"POST","url":"/api/error","header":{"host":"localhost:4400","connection":"keep-alive","content-length":"14","pragma":"no-cache","cache-control":"no-cache","user-agent":"Mozilla/5.0 (Macintosh; Intel Mac OS X 11_2_1) AppleWebKit/537.36 (KHTML, like Gecko) Chrome/88.0.4324.150 Safari/537.36","content-type":"application/json","accept":"*/*","origin":"http://localhost:4400","sec-fetch-site":"same-origin","sec-fetch-mode":"cors","sec-fetch-dest":"empty","referer":"http://localhost:4400/","accept-encoding":"gzip, deflate, br","accept-language":"zh-CN,zh;q=0.9","cookie":"_ga=GA1.1.394064327.1611583161; UM_distinctid=1777b0a6fb3723-0f8c8a96e7a065-6915227c-13c680-1777b0a6fb4828; CNZZDATA1276033982=1598712795-1612673534-%7C1612686003"}}
[2021-02-19T10:56:16.403] [WARN] cheese - {"method":"POST","url":"/api/error","header":{"host":"localhost:4400","connection":"keep-alive","content-length":"14","pragma":"no-cache","cache-control":"no-cache","user-agent":"Mozilla/5.0 (Macintosh; Intel Mac OS X 11_2_1) AppleWebKit/537.36 (KHTML, like Gecko) Chrome/88.0.4324.150 Safari/537.36","content-type":"text/plain;charset=UTF-8","accept":"*/*","origin":"http://localhost:4400","sec-fetch-site":"same-origin","sec-fetch-mode":"no-cors","sec-fetch-dest":"empty","referer":"http://localhost:4400/","accept-encoding":"gzip, deflate, br","accept-language":"zh-CN,zh;q=0.9","cookie":"_ga=GA1.1.394064327.1611583161; UM_distinctid=1777b0a6fb3723-0f8c8a96e7a065-6915227c-13c680-1777b0a6fb4828; CNZZDATA1276033982=1598712795-1612673534-%7C1612686003"}}
[2021-02-19T10:56:52.527] [DEBUG] cheese - 🚀 starting http://localhost:4400
[2021-02-19T10:56:55.844] [WARN] cheese - {"data":"xxx"}
[2021-02-19T10:56:55.845] [WARN] cheese - {}
[2021-02-19T10:57:14.148] [DEBUG] cheese - 🚀 starting http://localhost:4400
[2021-02-19T10:57:17.720] [ERROR] cheese - TypeError: Converting circular structure to JSON
    --> starting at object with constructor 'Socket'
    |     property 'parser' -> object with constructor 'HTTPParser'
    --- property 'socket' closes the circle
    at JSON.stringify (<anonymous>)
    at ApiController.<anonymous> (/Users/for/Desktop/Frame/ioc-ssr/src/server/routers/ApiController.ts:29:26)
    at step (/Users/for/Desktop/Frame/ioc-ssr/src/server/routers/ApiController.ts:50:23)
    at Object.next (/Users/for/Desktop/Frame/ioc-ssr/src/server/routers/ApiController.ts:31:53)
    at /Users/for/Desktop/Frame/ioc-ssr/src/server/routers/ApiController.ts:25:71
    at new Promise (<anonymous>)
    at __awaiter (/Users/for/Desktop/Frame/ioc-ssr/src/server/routers/ApiController.ts:21:12)
    at ApiController.error (/Users/for/Desktop/Frame/ioc-ssr/src/server/routers/ApiController.ts:91:16)
    at memberInvoker (/Users/for/Desktop/Frame/ioc-ssr/node_modules/awilix-koa/src/invokers.ts:101:39)
    at dispatch (/Users/for/Desktop/Frame/ioc-ssr/node_modules/koa-compose/index.js:42:32)
[2021-02-19T10:57:17.729] [ERROR] cheese - TypeError: Converting circular structure to JSON
    --> starting at object with constructor 'Socket'
    |     property 'parser' -> object with constructor 'HTTPParser'
    --- property 'socket' closes the circle
    at JSON.stringify (<anonymous>)
    at ApiController.<anonymous> (/Users/for/Desktop/Frame/ioc-ssr/src/server/routers/ApiController.ts:29:26)
    at step (/Users/for/Desktop/Frame/ioc-ssr/src/server/routers/ApiController.ts:50:23)
    at Object.next (/Users/for/Desktop/Frame/ioc-ssr/src/server/routers/ApiController.ts:31:53)
    at /Users/for/Desktop/Frame/ioc-ssr/src/server/routers/ApiController.ts:25:71
    at new Promise (<anonymous>)
    at __awaiter (/Users/for/Desktop/Frame/ioc-ssr/src/server/routers/ApiController.ts:21:12)
    at ApiController.error (/Users/for/Desktop/Frame/ioc-ssr/src/server/routers/ApiController.ts:91:16)
    at memberInvoker (/Users/for/Desktop/Frame/ioc-ssr/node_modules/awilix-koa/src/invokers.ts:101:39)
    at dispatch (/Users/for/Desktop/Frame/ioc-ssr/node_modules/koa-compose/index.js:42:32)
[2021-02-19T10:57:37.575] [DEBUG] cheese - 🚀 starting http://localhost:4400
[2021-02-19T10:57:46.515] [WARN] cheese - {"method":"POST","url":"/api/error","header":{"host":"localhost:4400","connection":"keep-alive","content-length":"14","pragma":"no-cache","cache-control":"no-cache","user-agent":"Mozilla/5.0 (Macintosh; Intel Mac OS X 11_2_1) AppleWebKit/537.36 (KHTML, like Gecko) Chrome/88.0.4324.150 Safari/537.36","content-type":"application/json","accept":"*/*","origin":"http://localhost:4400","sec-fetch-site":"same-origin","sec-fetch-mode":"cors","sec-fetch-dest":"empty","referer":"http://localhost:4400/","accept-encoding":"gzip, deflate, br","accept-language":"zh-CN,zh;q=0.9","cookie":"_ga=GA1.1.394064327.1611583161; UM_distinctid=1777b0a6fb3723-0f8c8a96e7a065-6915227c-13c680-1777b0a6fb4828; CNZZDATA1276033982=1598712795-1612673534-%7C1612686003"}}
[2021-02-19T10:57:46.516] [WARN] cheese - {"method":"POST","url":"/api/error","header":{"host":"localhost:4400","connection":"keep-alive","content-length":"14","pragma":"no-cache","cache-control":"no-cache","user-agent":"Mozilla/5.0 (Macintosh; Intel Mac OS X 11_2_1) AppleWebKit/537.36 (KHTML, like Gecko) Chrome/88.0.4324.150 Safari/537.36","content-type":"text/plain;charset=UTF-8","accept":"*/*","origin":"http://localhost:4400","sec-fetch-site":"same-origin","sec-fetch-mode":"no-cors","sec-fetch-dest":"empty","referer":"http://localhost:4400/","accept-encoding":"gzip, deflate, br","accept-language":"zh-CN,zh;q=0.9","cookie":"_ga=GA1.1.394064327.1611583161; UM_distinctid=1777b0a6fb3723-0f8c8a96e7a065-6915227c-13c680-1777b0a6fb4828; CNZZDATA1276033982=1598712795-1612673534-%7C1612686003"}}
[2021-02-19T11:01:09.542] [DEBUG] cheese - 🚀 starting http://localhost:4400
[2021-02-19T11:01:13.412] [WARN] cheese - {"method":"POST","url":"/api/error","header":{"host":"localhost:4400","connection":"keep-alive","content-length":"14","pragma":"no-cache","cache-control":"no-cache","user-agent":"Mozilla/5.0 (Macintosh; Intel Mac OS X 11_2_1) AppleWebKit/537.36 (KHTML, like Gecko) Chrome/88.0.4324.150 Safari/537.36","content-type":"application/json","accept":"*/*","origin":"http://localhost:4400","sec-fetch-site":"same-origin","sec-fetch-mode":"cors","sec-fetch-dest":"empty","referer":"http://localhost:4400/","accept-encoding":"gzip, deflate, br","accept-language":"zh-CN,zh;q=0.9","cookie":"_ga=GA1.1.394064327.1611583161; UM_distinctid=1777b0a6fb3723-0f8c8a96e7a065-6915227c-13c680-1777b0a6fb4828; CNZZDATA1276033982=1598712795-1612673534-%7C1612686003"}}
[2021-02-19T11:01:13.413] [WARN] cheese - {"method":"POST","url":"/api/error","header":{"host":"localhost:4400","connection":"keep-alive","content-length":"14","pragma":"no-cache","cache-control":"no-cache","user-agent":"Mozilla/5.0 (Macintosh; Intel Mac OS X 11_2_1) AppleWebKit/537.36 (KHTML, like Gecko) Chrome/88.0.4324.150 Safari/537.36","content-type":"text/plain;charset=UTF-8","accept":"*/*","origin":"http://localhost:4400","sec-fetch-site":"same-origin","sec-fetch-mode":"no-cors","sec-fetch-dest":"empty","referer":"http://localhost:4400/","accept-encoding":"gzip, deflate, br","accept-language":"zh-CN,zh;q=0.9","cookie":"_ga=GA1.1.394064327.1611583161; UM_distinctid=1777b0a6fb3723-0f8c8a96e7a065-6915227c-13c680-1777b0a6fb4828; CNZZDATA1276033982=1598712795-1612673534-%7C1612686003"}}
[2021-02-19T11:01:27.763] [DEBUG] cheese - 🚀 starting http://localhost:4400
[2021-02-19T11:02:18.474] [DEBUG] cheese - 🚀 starting http://localhost:4400
[2021-02-19T11:14:41.224] [DEBUG] cheese - 🚀 starting http://localhost:4400
[2021-02-19T11:14:54.679] [DEBUG] cheese - 🚀 starting http://localhost:4400
[2021-02-19T11:16:36.076] [WARN] cheese - {"method":"POST","url":"/api/error","header":{"host":"localhost:4400","connection":"keep-alive","content-length":"14","pragma":"no-cache","cache-control":"no-cache","user-agent":"Mozilla/5.0 (Macintosh; Intel Mac OS X 11_2_1) AppleWebKit/537.36 (KHTML, like Gecko) Chrome/88.0.4324.150 Safari/537.36","content-type":"application/json","accept":"*/*","origin":"http://localhost:4400","sec-fetch-site":"same-origin","sec-fetch-mode":"cors","sec-fetch-dest":"empty","referer":"http://localhost:4400/","accept-encoding":"gzip, deflate, br","accept-language":"zh-CN,zh;q=0.9","cookie":"_ga=GA1.1.394064327.1611583161; UM_distinctid=1777b0a6fb3723-0f8c8a96e7a065-6915227c-13c680-1777b0a6fb4828; CNZZDATA1276033982=1598712795-1612673534-%7C1612686003"}}
[2021-02-19T11:16:36.077] [WARN] cheese - {"method":"POST","url":"/api/error","header":{"host":"localhost:4400","connection":"keep-alive","content-length":"14","pragma":"no-cache","cache-control":"no-cache","user-agent":"Mozilla/5.0 (Macintosh; Intel Mac OS X 11_2_1) AppleWebKit/537.36 (KHTML, like Gecko) Chrome/88.0.4324.150 Safari/537.36","content-type":"text/plain;charset=UTF-8","accept":"*/*","origin":"http://localhost:4400","sec-fetch-site":"same-origin","sec-fetch-mode":"no-cors","sec-fetch-dest":"empty","referer":"http://localhost:4400/","accept-encoding":"gzip, deflate, br","accept-language":"zh-CN,zh;q=0.9","cookie":"_ga=GA1.1.394064327.1611583161; UM_distinctid=1777b0a6fb3723-0f8c8a96e7a065-6915227c-13c680-1777b0a6fb4828; CNZZDATA1276033982=1598712795-1612673534-%7C1612686003"}}
[2021-02-19T11:16:52.751] [DEBUG] cheese - 🚀 starting http://localhost:4400
[2021-02-19T11:16:56.513] [WARN] cheese - {"method":"POST","url":"/api/error","header":{"host":"localhost:4400","connection":"keep-alive","content-length":"14","pragma":"no-cache","cache-control":"no-cache","user-agent":"Mozilla/5.0 (Macintosh; Intel Mac OS X 11_2_1) AppleWebKit/537.36 (KHTML, like Gecko) Chrome/88.0.4324.150 Safari/537.36","content-type":"text/plain;charset=UTF-8","accept":"*/*","origin":"http://localhost:4400","sec-fetch-site":"same-origin","sec-fetch-mode":"no-cors","sec-fetch-dest":"empty","referer":"http://localhost:4400/","accept-encoding":"gzip, deflate, br","accept-language":"zh-CN,zh;q=0.9","cookie":"_ga=GA1.1.394064327.1611583161; UM_distinctid=1777b0a6fb3723-0f8c8a96e7a065-6915227c-13c680-1777b0a6fb4828; CNZZDATA1276033982=1598712795-1612673534-%7C1612686003"}}
[2021-02-19T11:17:23.578] [DEBUG] cheese - 🚀 starting http://localhost:4400
[2021-02-19T11:17:24.930] [WARN] cheese - {"method":"POST","url":"/api/error","header":{"host":"localhost:4400","connection":"keep-alive","content-length":"14","pragma":"no-cache","cache-control":"no-cache","user-agent":"Mozilla/5.0 (Macintosh; Intel Mac OS X 11_2_1) AppleWebKit/537.36 (KHTML, like Gecko) Chrome/88.0.4324.150 Safari/537.36","content-type":"text/plain;charset=UTF-8","accept":"*/*","origin":"http://localhost:4400","sec-fetch-site":"same-origin","sec-fetch-mode":"no-cors","sec-fetch-dest":"empty","referer":"http://localhost:4400/","accept-encoding":"gzip, deflate, br","accept-language":"zh-CN,zh;q=0.9","cookie":"_ga=GA1.1.394064327.1611583161; UM_distinctid=1777b0a6fb3723-0f8c8a96e7a065-6915227c-13c680-1777b0a6fb4828; CNZZDATA1276033982=1598712795-1612673534-%7C1612686003"}}
[2021-02-19T11:18:24.397] [DEBUG] cheese - 🚀 starting http://localhost:4400
[2021-02-19T11:19:08.761] [DEBUG] cheese - 🚀 starting http://localhost:4400
[2021-02-19T11:22:26.318] [DEBUG] cheese - 🚀 starting http://localhost:4400
[2021-02-19T11:28:58.109] [DEBUG] cheese - 🚀 starting http://localhost:4400
[2021-02-19T11:30:49.427] [DEBUG] cheese - 🚀 starting http://localhost:4400
[2021-02-19T11:31:35.644] [DEBUG] cheese - 🚀 starting http://localhost:4400
[2021-02-19T11:32:16.631] [DEBUG] cheese - 🚀 starting http://localhost:4400
[2021-02-19T11:32:28.771] [DEBUG] cheese - 🚀 starting http://localhost:4400
[2021-02-19T11:32:55.913] [DEBUG] cheese - 🚀 starting http://localhost:4400
[2021-02-19T11:33:20.107] [DEBUG] cheese - 🚀 starting http://localhost:4400
[2021-02-19T11:33:25.943] [DEBUG] cheese - 🚀 starting http://localhost:4400
[2021-02-19T11:33:35.944] [DEBUG] cheese - 🚀 starting http://localhost:4400
[2021-02-19T11:33:38.352] [DEBUG] cheese - 🚀 starting http://localhost:4400
[2021-02-19T11:34:16.667] [DEBUG] cheese - 🚀 starting http://localhost:4400
[2021-02-19T11:34:41.060] [DEBUG] cheese - 🚀 starting http://localhost:4400
[2021-02-19T11:34:54.141] [DEBUG] cheese - 🚀 starting http://localhost:4400
[2021-02-19T11:34:59.524] [DEBUG] cheese - 🚀 starting http://localhost:4400
[2021-02-19T11:35:37.390] [DEBUG] cheese - 🚀 starting http://localhost:4400
[2021-02-19T11:35:39.735] [DEBUG] cheese - 🚀 starting http://localhost:4400
[2021-02-19T11:35:48.360] [DEBUG] cheese - 🚀 starting http://localhost:4400
[2021-02-19T11:36:02.639] [DEBUG] cheese - 🚀 starting http://localhost:4400
[2021-02-23T17:35:03.682] [DEBUG] cheese - 🚀 starting http://localhost:4400
[2021-02-24T18:43:31.138] [DEBUG] cheese - 🚀 starting http://localhost:4400
[2021-02-24T18:43:58.923] [DEBUG] cheese - 🚀 starting http://localhost:4400
[2021-02-24T18:44:18.323] [DEBUG] cheese - 🚀 starting http://localhost:4400
[2021-02-24T18:44:33.463] [DEBUG] cheese - 🚀 starting http://localhost:4400
[2021-02-24T18:44:52.692] [DEBUG] cheese - 🚀 starting http://localhost:4400
[2021-02-24T18:46:27.781] [DEBUG] cheese - 🚀 starting http://localhost:4400
[2021-02-24T18:46:34.670] [DEBUG] cheese - 🚀 starting http://localhost:4400
[2021-02-24T18:46:53.505] [DEBUG] cheese - 🚀 starting http://localhost:4400
[2021-02-24T18:47:02.271] [DEBUG] cheese - 🚀 starting http://localhost:4400
[2021-02-24T18:47:15.034] [DEBUG] cheese - 🚀 starting http://localhost:4400
[2021-02-24T18:47:45.106] [DEBUG] cheese - 🚀 starting http://localhost:4400
[2021-02-24T18:51:06.022] [DEBUG] cheese - 🚀 starting http://localhost:4400
[2021-02-26T12:40:28.868] [DEBUG] cheese - 🚀 starting http://localhost:4400
[2021-02-26T12:41:39.619] [DEBUG] cheese - 🚀 starting http://localhost:4400
[2021-02-26T12:41:58.020] [DEBUG] cheese - 🚀 starting http://localhost:4400
